<?xml version="1.0" encoding="UTF-8"?>
<!-- Generated by org.testng.reporters.JUnitReportReporter -->
<testsuite hostname="BTPL-DTP-A053" name="seleniumLoginApplication.seleniumTest" tests="1" failures="0" timestamp="25 Jul 2019 08:52:07 GMT" time="36.966" errors="0">
  <testcase name="seleniumTest1" time="36.966" classname="seleniumLoginApplication.seleniumTest"/>
</testsuite> <!-- seleniumLoginApplication.seleniumTest -->
