<?xml version="1.0" encoding="UTF-8"?>
<!-- Generated by org.testng.reporters.JUnitReportReporter -->
<testsuite hostname="BTPL-DTP-A053" name="seleniumLoginApplication.seleniumTest" tests="1" failures="0" timestamp="25 Jul 2019 06:30:21 GMT" time="7.428" errors="0">
  <testcase name="seleniumTest1" time="7.428" classname="seleniumLoginApplication.seleniumTest"/>
</testsuite> <!-- seleniumLoginApplication.seleniumTest -->
