<?xml version="1.0" encoding="UTF-8"?>
<!-- Generated by org.testng.reporters.JUnitReportReporter -->
<testsuite hostname="BTPL-DTP-A053" name="seleniumLoginApplication.seleniumTest" tests="1" failures="0" timestamp="25 Jul 2019 09:22:23 GMT" time="11.831" errors="0">
  <testcase name="seleniumTest1" time="11.831" classname="seleniumLoginApplication.seleniumTest"/>
</testsuite> <!-- seleniumLoginApplication.seleniumTest -->
