<?xml version="1.0" encoding="UTF-8"?>
<!-- Generated by org.testng.reporters.JUnitReportReporter -->
<testsuite hostname="BTPL-DTP-A053" name="seleniumLoginApplication.seleniumTest" tests="1" failures="0" timestamp="24 Jul 2019 11:02:50 GMT" time="14.898" errors="0">
  <testcase name="seleniumTest1" time="14.898" classname="seleniumLoginApplication.seleniumTest"/>
</testsuite> <!-- seleniumLoginApplication.seleniumTest -->
