<?xml version="1.0" encoding="UTF-8"?>
<!-- Generated by org.testng.reporters.JUnitReportReporter -->
<testsuite hostname="BTPL-DTP-A053" name="seleniumLoginApplication.seleniumTest" tests="1" failures="0" timestamp="25 Jul 2019 07:00:41 GMT" time="9.816" errors="0">
  <testcase name="seleniumTest1" time="9.816" classname="seleniumLoginApplication.seleniumTest"/>
</testsuite> <!-- seleniumLoginApplication.seleniumTest -->
